This is pdfTeX, Version 3.141592653-2.6-1.40.22 (TeX Live 2022/dev/Debian) (preloaded format=pdflatex 2023.8.4)  15 OCT 2023 14:34
entering extended mode
 restricted \write18 enabled.
 %&-line parsing enabled.
**main.tex gvv.sty
(./main.tex
LaTeX2e <2021-11-15> patch level 1
L3 programming layer <2022-01-21>
! Undefined control sequence.
l.68 \solution
               Given that $X$ is a positive valued random variable and $Y=[X...

? 

! LaTeX Error: Missing \begin{document}.

See the LaTeX manual or LaTeX Companion for explanation.
Type  H <return>  for immediate help.
 ...                                              
                                                  
l.68 \solution G
                iven that $X$ is a positive valued random variable and $Y=[X...

? 
! Emergency stop.
 ...                                              
                                                  
l.68 \solution G
                iven that $X$ is a positive valued random variable and $Y=[X...

You're in trouble here.  Try typing  <return>  to proceed.
If that doesn't work, type  X <return>  to quit.

 
Here is how much of TeX's memory you used:
 17 strings out of 480204
 519 string characters out of 5895011
 284111 words of memory out of 5000000
 18067 multiletter control sequences out of 15000+600000
 469259 words of font info for 28 fonts, out of 8000000 for 9000
 36 hyphenation exceptions out of 8191
 13i,0n,12p,126b,14s stack positions out of 5000i,500n,10000p,200000b,80000s
!  ==> Fatal error occurred, no output PDF file produced!
